-- The C compiler identification is GNU 11.4.0
-- The CXX compiler identification is GNU 11.4.0
-- Detecting C compiler ABI info
-- Detecting C compiler ABI info - done
-- Check for working C compiler: /usr/bin/cc - skipped
-- Detecting C compile features
-- Detecting C compile features - done
-- Detecting CXX compiler ABI info
-- Detecting CXX compiler ABI info - done
-- Check for working CXX compiler: /usr/bin/c++ - skipped
-- Detecting CXX compile features
-- Detecting CXX compile features - done
-- Found ament_cmake: 1.3.12 (/opt/ros/humble/share/ament_cmake/cmake)
-- Found Python3: /usr/bin/python3 (found version "3.10.12") found components: Interpreter 
-- Found rclcpp: 16.0.17 (/opt/ros/humble/share/rclcpp/cmake)
-- Found rosidl_generator_c: 3.1.8 (/opt/ros/humble/share/rosidl_generator_c/cmake)
-- Found rosidl_adapter: 3.1.8 (/opt/ros/humble/share/rosidl_adapter/cmake)
-- Found rosidl_generator_cpp: 3.1.8 (/opt/ros/humble/share/rosidl_generator_cpp/cmake)
-- Using all available rosidl_typesupport_c: rosidl_typesupport_fastrtps_c;rosidl_typesupport_introspection_c
-- Using all available rosidl_typesupport_cpp: rosidl_typesupport_fastrtps_cpp;rosidl_typesupport_introspection_cpp
-- Found rmw_implementation_cmake: 6.1.2 (/opt/ros/humble/share/rmw_implementation_cmake/cmake)
-- Found rmw_fastrtps_cpp: 6.2.9 (/opt/ros/humble/share/rmw_fastrtps_cpp/cmake)
-- Found OpenSSL: /usr/lib/x86_64-linux-gnu/libcrypto.so (found version "3.0.2")  
-- Found FastRTPS: /opt/ros/humble/include  
-- Using RMW implementation 'rmw_fastrtps_cpp' as default
-- Looking for pthread.h
-- Looking for pthread.h - found
-- Performing Test CMAKE_HAVE_LIBC_PTHREAD
-- Performing Test CMAKE_HAVE_LIBC_PTHREAD - Success
-- Found Threads: TRUE  
-- Found ament_lint_auto: 0.12.14 (/opt/ros/humble/share/ament_lint_auto/cmake)
-- Configuring done
-- Generating done
-- Build files have been written to: /home/ayshu/rover_ws3/build/k12_description
-- Install configuration: ""
-- Installing: /home/ayshu/rover_ws3/install/k12_description/share/k12_description/launch
-- Installing: /home/ayshu/rover_ws3/install/k12_description/share/k12_description/launch/navigation.launch.py
-- Installing: /home/ayshu/rover_ws3/install/k12_description/share/k12_description/launch/online_async.launch.py
-- Installing: /home/ayshu/rover_ws3/install/k12_description/share/k12_description/launch/gazebo.launch.py
-- Installing: /home/ayshu/rover_ws3/install/k12_description/share/k12_description/launch/display.launch.py
-- Installing: /home/ayshu/rover_ws3/install/k12_description/share/k12_description/meshes
-- Installing: /home/ayshu/rover_ws3/install/k12_description/share/k12_description/meshes/lidar_1.stl
-- Installing: /home/ayshu/rover_ws3/install/k12_description/share/k12_description/meshes/right_front_1.stl
-- Installing: /home/ayshu/rover_ws3/install/k12_description/share/k12_description/meshes/left_back_1.stl
-- Installing: /home/ayshu/rover_ws3/install/k12_description/share/k12_description/meshes/left_front_1.stl
-- Installing: /home/ayshu/rover_ws3/install/k12_description/share/k12_description/meshes/gps_1.stl
-- Installing: /home/ayshu/rover_ws3/install/k12_description/share/k12_description/meshes/right_back_1.stl
-- Installing: /home/ayshu/rover_ws3/install/k12_description/share/k12_description/meshes/imu_1.stl
-- Installing: /home/ayshu/rover_ws3/install/k12_description/share/k12_description/meshes/base_link.stl
-- Installing: /home/ayshu/rover_ws3/install/k12_description/share/k12_description/meshes/cam_1.stl
-- Installing: /home/ayshu/rover_ws3/install/k12_description/share/k12_description/urdf
-- Installing: /home/ayshu/rover_ws3/install/k12_description/share/k12_description/urdf/k12.trans
-- Installing: /home/ayshu/rover_ws3/install/k12_description/share/k12_description/urdf/k12.xacro
-- Installing: /home/ayshu/rover_ws3/install/k12_description/share/k12_description/urdf/k12.gazebo
-- Installing: /home/ayshu/rover_ws3/install/k12_description/share/k12_description/urdf/materials.xacro
-- Installing: /home/ayshu/rover_ws3/install/k12_description/share/k12_description/config
-- Installing: /home/ayshu/rover_ws3/install/k12_description/share/k12_description/config/mapper_params_online_async.yaml
-- Installing: /home/ayshu/rover_ws3/install/k12_description/share/ament_index/resource_index/package_run_dependencies/k12_description
-- Installing: /home/ayshu/rover_ws3/install/k12_description/share/ament_index/resource_index/parent_prefix_path/k12_description
-- Installing: /home/ayshu/rover_ws3/install/k12_description/share/k12_description/environment/ament_prefix_path.sh
-- Installing: /home/ayshu/rover_ws3/install/k12_description/share/k12_description/environment/ament_prefix_path.dsv
-- Installing: /home/ayshu/rover_ws3/install/k12_description/share/k12_description/environment/path.sh
-- Installing: /home/ayshu/rover_ws3/install/k12_description/share/k12_description/environment/path.dsv
-- Installing: /home/ayshu/rover_ws3/install/k12_description/share/k12_description/local_setup.bash
-- Installing: /home/ayshu/rover_ws3/install/k12_description/share/k12_description/local_setup.sh
-- Installing: /home/ayshu/rover_ws3/install/k12_description/share/k12_description/local_setup.zsh
-- Installing: /home/ayshu/rover_ws3/install/k12_description/share/k12_description/local_setup.dsv
-- Installing: /home/ayshu/rover_ws3/install/k12_description/share/k12_description/package.dsv
-- Installing: /home/ayshu/rover_ws3/install/k12_description/share/ament_index/resource_index/packages/k12_description
-- Installing: /home/ayshu/rover_ws3/install/k12_description/share/k12_description/cmake/k12_descriptionConfig.cmake
-- Installing: /home/ayshu/rover_ws3/install/k12_description/share/k12_description/cmake/k12_descriptionConfig-version.cmake
-- Installing: /home/ayshu/rover_ws3/install/k12_description/share/k12_description/package.xml
